2024-08-11 16:40:24,569, 1, lr_G: 0.000010, lr_D: 0.000010, Generator_Loss-train: 0.620785869733, Discriminator_Loss-train: 0.180376833436, Generator_Loss_val-val: 0.603972792625
2024-08-11 16:42:10,676, 2, lr_G: 0.000010, lr_D: 0.000010, Generator_Loss-train: 0.610911092373, Discriminator_Loss-train: 0.160963221782, Generator_Loss_val-val: 0.596989553422
2024-08-11 16:43:59,328, 3, lr_G: 0.000010, lr_D: 0.000010, Generator_Loss-train: 0.604966030779, Discriminator_Loss-train: 0.150210018110, Generator_Loss_val-val: 0.591733721395
2024-08-11 16:45:49,512, 4, lr_G: 0.000010, lr_D: 0.000010, Generator_Loss-train: 0.601077430176, Discriminator_Loss-train: 0.143525049655, Generator_Loss_val-val: 0.588151062373
2024-08-11 16:47:39,816, 5, lr_G: 0.000010, lr_D: 0.000010, Generator_Loss-train: 0.598338858287, Discriminator_Loss-train: 0.138917068926, Generator_Loss_val-val: 0.585582483187
2024-08-11 16:49:27,777, 6, lr_G: 0.000010, lr_D: 0.000010, Generator_Loss-train: 0.596262280889, Discriminator_Loss-train: 0.135504285494, Generator_Loss_val-val: 0.583822263715
2024-08-11 16:51:16,318, 7, lr_G: 0.000010, lr_D: 0.000010, Generator_Loss-train: 0.594635210254, Discriminator_Loss-train: 0.132881773896, Generator_Loss_val-val: 0.582370728787
2024-08-11 16:53:11,668, 8, lr_G: 0.000010, lr_D: 0.000010, Generator_Loss-train: 0.593318714864, Discriminator_Loss-train: 0.130774388381, Generator_Loss_val-val: 0.581247672206
2024-08-11 16:55:00,411, 9, lr_G: 0.000010, lr_D: 0.000010, Generator_Loss-train: 0.592228044096, Discriminator_Loss-train: 0.129046392996, Generator_Loss_val-val: 0.580323167352
2024-08-11 16:56:46,401, 10, lr_G: 0.000010, lr_D: 0.000010, Generator_Loss-train: 0.591298646939, Discriminator_Loss-train: 0.127586134598, Generator_Loss_val-val: 0.579519955069
2024-08-11 16:58:39,252, 11, lr_G: 0.000010, lr_D: 0.000010, Generator_Loss-train: 0.590491207123, Discriminator_Loss-train: 0.126321112335, Generator_Loss_val-val: 0.578797805885
2024-08-11 17:00:29,399, 12, lr_G: 0.000010, lr_D: 0.000010, Generator_Loss-train: 0.589771847883, Discriminator_Loss-train: 0.125215053276, Generator_Loss_val-val: 0.578255283802
2024-08-11 17:02:17,644, 13, lr_G: 0.000010, lr_D: 0.000010, Generator_Loss-train: 0.589124654418, Discriminator_Loss-train: 0.124221009327, Generator_Loss_val-val: 0.577547714974
2024-08-11 17:04:02,190, 14, lr_G: 0.000010, lr_D: 0.000010, Generator_Loss-train: 0.588534256812, Discriminator_Loss-train: 0.123319173702, Generator_Loss_val-val: 0.576980579911
2024-08-11 17:05:48,097, 15, lr_G: 0.000010, lr_D: 0.000010, Generator_Loss-train: 0.588015005404, Discriminator_Loss-train: 0.122502137505, Generator_Loss_val-val: 0.577869936948
2024-08-11 17:07:36,340, 16, lr_G: 0.000010, lr_D: 0.000010, Generator_Loss-train: 0.587579429827, Discriminator_Loss-train: 0.121737978511, Generator_Loss_val-val: 0.577780421474
2024-08-11 17:09:28,044, 17, lr_G: 0.000010, lr_D: 0.000010, Generator_Loss-train: 0.587209912474, Discriminator_Loss-train: 0.121064199957, Generator_Loss_val-val: 0.577646835652
2024-08-11 17:11:10,365, 18, lr_G: 0.000010, lr_D: 0.000010, Generator_Loss-train: 0.586896354703, Discriminator_Loss-train: 0.120440649331, Generator_Loss_val-val: 0.578496549796
2024-08-11 17:13:01,814, 19, lr_G: 0.000010, lr_D: 0.000010, Generator_Loss-train: 0.586633009393, Discriminator_Loss-train: 0.119877235353, Generator_Loss_val-val: 0.579225657900
2024-08-11 17:14:51,558, 20, lr_G: 0.000010, lr_D: 0.000010, Generator_Loss-train: 0.586392700251, Discriminator_Loss-train: 0.119347663148, Generator_Loss_val-val: 0.579629872832
2024-08-11 17:16:43,711, 21, lr_G: 0.000010, lr_D: 0.000010, Generator_Loss-train: 0.586168790649, Discriminator_Loss-train: 0.118846949722, Generator_Loss_val-val: 0.579645037828
2024-08-11 17:18:30,503, 22, lr_G: 0.000010, lr_D: 0.000010, Generator_Loss-train: 0.585961248154, Discriminator_Loss-train: 0.118383778367, Generator_Loss_val-val: 0.579512660561
2024-08-11 17:20:14,450, 23, lr_G: 0.000010, lr_D: 0.000010, Generator_Loss-train: 0.585768543187, Discriminator_Loss-train: 0.117940269915, Generator_Loss_val-val: 0.579640460079
2024-08-11 17:22:04,541, 24, lr_G: 0.000010, lr_D: 0.000010, Generator_Loss-train: 0.585604993181, Discriminator_Loss-train: 0.117525112110, Generator_Loss_val-val: 0.580482310926
2024-08-11 17:23:57,413, 25, lr_G: 0.000010, lr_D: 0.000010, Generator_Loss-train: 0.585450047339, Discriminator_Loss-train: 0.117133033899, Generator_Loss_val-val: 0.580713076964
2024-08-11 17:25:46,013, 26, lr_G: 0.000010, lr_D: 0.000010, Generator_Loss-train: 0.585304341371, Discriminator_Loss-train: 0.116748478145, Generator_Loss_val-val: 0.581525901046
2024-08-11 17:27:33,755, 27, lr_G: 0.000010, lr_D: 0.000010, Generator_Loss-train: 0.585176961390, Discriminator_Loss-train: 0.116385698859, Generator_Loss_val-val: 0.583394226308
2024-08-11 17:29:23,540, 28, lr_G: 0.000010, lr_D: 0.000010, Generator_Loss-train: 0.585058100016, Discriminator_Loss-train: 0.116039726410, Generator_Loss_val-val: 0.584910968518
2024-08-11 17:31:12,162, 29, lr_G: 0.000010, lr_D: 0.000010, Generator_Loss-train: 0.584947808056, Discriminator_Loss-train: 0.115707156066, Generator_Loss_val-val: 0.586508958055
2024-08-11 17:32:59,884, 30, lr_G: 0.000010, lr_D: 0.000010, Generator_Loss-train: 0.584849090769, Discriminator_Loss-train: 0.115385937071, Generator_Loss_val-val: 0.587098890046
2024-08-11 17:34:46,411, 31, lr_G: 0.000005, lr_D: 0.000005, Generator_Loss-train: 0.584758875540, Discriminator_Loss-train: 0.115076561259, Generator_Loss_val-val: 0.588394702082
2024-08-11 17:36:34,452, 32, lr_G: 0.000005, lr_D: 0.000005, Generator_Loss-train: 0.584668770771, Discriminator_Loss-train: 0.114780520954, Generator_Loss_val-val: 0.588821614627
2024-08-11 17:38:23,887, 33, lr_G: 0.000005, lr_D: 0.000005, Generator_Loss-train: 0.584584643453, Discriminator_Loss-train: 0.114502479596, Generator_Loss_val-val: 0.589369822181
2024-08-11 17:40:11,089, 34, lr_G: 0.000005, lr_D: 0.000005, Generator_Loss-train: 0.584508314773, Discriminator_Loss-train: 0.114239459863, Generator_Loss_val-val: 0.589727208840
2024-08-11 17:41:57,231, 35, lr_G: 0.000005, lr_D: 0.000005, Generator_Loss-train: 0.584435778211, Discriminator_Loss-train: 0.113985404469, Generator_Loss_val-val: 0.589624460361
2024-08-11 17:43:42,339, 36, lr_G: 0.000005, lr_D: 0.000005, Generator_Loss-train: 0.584365961544, Discriminator_Loss-train: 0.113741203785, Generator_Loss_val-val: 0.589772745605
2024-08-11 17:45:29,262, 37, lr_G: 0.000005, lr_D: 0.000005, Generator_Loss-train: 0.584305303509, Discriminator_Loss-train: 0.113506699366, Generator_Loss_val-val: 0.589703012308
2024-08-11 17:47:19,592, 38, lr_G: 0.000005, lr_D: 0.000005, Generator_Loss-train: 0.584244179621, Discriminator_Loss-train: 0.113285427799, Generator_Loss_val-val: 0.589434407700
2024-08-11 17:49:03,825, 39, lr_G: 0.000005, lr_D: 0.000005, Generator_Loss-train: 0.584185670784, Discriminator_Loss-train: 0.113070972989, Generator_Loss_val-val: 0.589439270493
2024-08-11 17:50:49,943, 40, lr_G: 0.000005, lr_D: 0.000005, Generator_Loss-train: 0.584131462556, Discriminator_Loss-train: 0.112862991399, Generator_Loss_val-val: 0.589438710641
2024-08-11 17:52:38,819, 41, lr_G: 0.000005, lr_D: 0.000005, Generator_Loss-train: 0.584082080023, Discriminator_Loss-train: 0.112665052246, Generator_Loss_val-val: 0.589262636560
2024-08-11 17:54:28,819, 42, lr_G: 0.000005, lr_D: 0.000005, Generator_Loss-train: 0.584036482590, Discriminator_Loss-train: 0.112471675842, Generator_Loss_val-val: 0.589127114486
2024-08-11 17:56:15,433, 43, lr_G: 0.000005, lr_D: 0.000005, Generator_Loss-train: 0.583992040589, Discriminator_Loss-train: 0.112285414731, Generator_Loss_val-val: 0.588880122271
2024-08-11 17:58:03,102, 44, lr_G: 0.000005, lr_D: 0.000005, Generator_Loss-train: 0.583953096560, Discriminator_Loss-train: 0.112098754350, Generator_Loss_val-val: 0.588603444990
2024-08-11 17:59:56,993, 45, lr_G: 0.000005, lr_D: 0.000005, Generator_Loss-train: 0.583915943101, Discriminator_Loss-train: 0.111917444375, Generator_Loss_val-val: 0.588337829378
2024-08-11 18:01:43,312, 46, lr_G: 0.000005, lr_D: 0.000005, Generator_Loss-train: 0.583882303773, Discriminator_Loss-train: 0.111747348864, Generator_Loss_val-val: 0.588116227123
2024-08-11 18:03:32,741, 47, lr_G: 0.000005, lr_D: 0.000005, Generator_Loss-train: 0.583845576701, Discriminator_Loss-train: 0.111589093473, Generator_Loss_val-val: 0.587903789740
2024-08-11 18:05:16,324, 48, lr_G: 0.000005, lr_D: 0.000005, Generator_Loss-train: 0.583813321585, Discriminator_Loss-train: 0.111432048528, Generator_Loss_val-val: 0.587708091130
2024-08-11 18:07:04,241, 49, lr_G: 0.000005, lr_D: 0.000005, Generator_Loss-train: 0.583787612278, Discriminator_Loss-train: 0.111278541145, Generator_Loss_val-val: 0.587693708740
2024-08-11 18:08:55,365, 50, lr_G: 0.000005, lr_D: 0.000005, Generator_Loss-train: 0.583772108483, Discriminator_Loss-train: 0.111114173483, Generator_Loss_val-val: 0.587799605429
2024-08-11 18:10:45,102, 51, lr_G: 0.000005, lr_D: 0.000005, Generator_Loss-train: 0.583758609605, Discriminator_Loss-train: 0.110960192105, Generator_Loss_val-val: 0.588023107024
2024-08-11 18:12:34,483, 52, lr_G: 0.000005, lr_D: 0.000005, Generator_Loss-train: 0.583745218634, Discriminator_Loss-train: 0.110808498793, Generator_Loss_val-val: 0.588096127451
2024-08-11 18:14:23,101, 53, lr_G: 0.000005, lr_D: 0.000005, Generator_Loss-train: 0.583741189776, Discriminator_Loss-train: 0.110651434005, Generator_Loss_val-val: 0.588217309553
2024-08-11 18:16:11,732, 54, lr_G: 0.000005, lr_D: 0.000005, Generator_Loss-train: 0.583741887439, Discriminator_Loss-train: 0.110501272966, Generator_Loss_val-val: 0.588480874620
2024-08-11 18:18:01,072, 55, lr_G: 0.000005, lr_D: 0.000005, Generator_Loss-train: 0.583750562979, Discriminator_Loss-train: 0.110352819211, Generator_Loss_val-val: 0.588915387202
2024-08-11 18:19:48,898, 56, lr_G: 0.000005, lr_D: 0.000005, Generator_Loss-train: 0.583755078501, Discriminator_Loss-train: 0.110209843742, Generator_Loss_val-val: 0.588918709362
2024-08-11 18:21:37,516, 57, lr_G: 0.000005, lr_D: 0.000005, Generator_Loss-train: 0.583768157287, Discriminator_Loss-train: 0.110068892827, Generator_Loss_val-val: 0.588999820644
2024-08-11 18:23:24,988, 58, lr_G: 0.000005, lr_D: 0.000005, Generator_Loss-train: 0.583770676030, Discriminator_Loss-train: 0.109932120769, Generator_Loss_val-val: 0.589051607482
2024-08-11 18:25:15,685, 59, lr_G: 0.000005, lr_D: 0.000005, Generator_Loss-train: 0.583766598017, Discriminator_Loss-train: 0.109809740684, Generator_Loss_val-val: 0.589186532139
2024-08-11 18:27:04,486, 60, lr_G: 0.000005, lr_D: 0.000005, Generator_Loss-train: 0.583762545337, Discriminator_Loss-train: 0.109686612945, Generator_Loss_val-val: 0.589248838089
2024-08-11 18:28:53,066, 61, lr_G: 0.000003, lr_D: 0.000003, Generator_Loss-train: 0.583758784231, Discriminator_Loss-train: 0.109572565956, Generator_Loss_val-val: 0.589292777580
2024-08-11 18:30:43,046, 62, lr_G: 0.000003, lr_D: 0.000003, Generator_Loss-train: 0.583747466745, Discriminator_Loss-train: 0.109461771009, Generator_Loss_val-val: 0.589384784982
2024-08-11 18:32:31,161, 63, lr_G: 0.000003, lr_D: 0.000003, Generator_Loss-train: 0.583736402485, Discriminator_Loss-train: 0.109354221607, Generator_Loss_val-val: 0.589398073535
2024-08-11 18:34:23,700, 64, lr_G: 0.000003, lr_D: 0.000003, Generator_Loss-train: 0.583723779137, Discriminator_Loss-train: 0.109248476864, Generator_Loss_val-val: 0.589385154075
2024-08-11 18:36:12,351, 65, lr_G: 0.000003, lr_D: 0.000003, Generator_Loss-train: 0.583713614922, Discriminator_Loss-train: 0.109148813037, Generator_Loss_val-val: 0.589423793583
2024-08-11 18:38:05,139, 66, lr_G: 0.000003, lr_D: 0.000003, Generator_Loss-train: 0.583705659494, Discriminator_Loss-train: 0.109048633413, Generator_Loss_val-val: 0.589536418574
2024-08-11 18:39:55,271, 67, lr_G: 0.000003, lr_D: 0.000003, Generator_Loss-train: 0.583692620724, Discriminator_Loss-train: 0.108954209192, Generator_Loss_val-val: 0.589623353931
2024-08-11 18:41:53,318, 68, lr_G: 0.000003, lr_D: 0.000003, Generator_Loss-train: 0.583676440264, Discriminator_Loss-train: 0.108860945787, Generator_Loss_val-val: 0.589759104474
2024-08-11 18:43:40,992, 69, lr_G: 0.000003, lr_D: 0.000003, Generator_Loss-train: 0.583659421672, Discriminator_Loss-train: 0.108771616689, Generator_Loss_val-val: 0.589915571842
2024-08-11 18:45:31,428, 70, lr_G: 0.000003, lr_D: 0.000003, Generator_Loss-train: 0.583647173187, Discriminator_Loss-train: 0.108683217895, Generator_Loss_val-val: 0.590006792492
2024-08-11 18:47:18,212, 71, lr_G: 0.000003, lr_D: 0.000003, Generator_Loss-train: 0.583629464506, Discriminator_Loss-train: 0.108600268752, Generator_Loss_val-val: 0.590109585115
2024-08-11 18:49:08,274, 72, lr_G: 0.000003, lr_D: 0.000003, Generator_Loss-train: 0.583617628691, Discriminator_Loss-train: 0.108514654882, Generator_Loss_val-val: 0.590276165296
2024-08-11 18:50:57,901, 73, lr_G: 0.000003, lr_D: 0.000003, Generator_Loss-train: 0.583604555696, Discriminator_Loss-train: 0.108435098993, Generator_Loss_val-val: 0.590472943009
2024-08-11 18:52:52,301, 74, lr_G: 0.000003, lr_D: 0.000003, Generator_Loss-train: 0.583587618415, Discriminator_Loss-train: 0.108352632475, Generator_Loss_val-val: 0.590517137099
2024-08-11 18:54:42,283, 75, lr_G: 0.000003, lr_D: 0.000003, Generator_Loss-train: 0.583576508315, Discriminator_Loss-train: 0.108272347257, Generator_Loss_val-val: 0.590577376237
2024-08-11 18:56:29,220, 76, lr_G: 0.000003, lr_D: 0.000003, Generator_Loss-train: 0.583561911593, Discriminator_Loss-train: 0.108195347491, Generator_Loss_val-val: 0.590661658954
2024-08-11 18:58:15,787, 77, lr_G: 0.000003, lr_D: 0.000003, Generator_Loss-train: 0.583548890423, Discriminator_Loss-train: 0.108122076748, Generator_Loss_val-val: 0.590723971897
2024-08-11 19:00:04,509, 78, lr_G: 0.000003, lr_D: 0.000003, Generator_Loss-train: 0.583531714279, Discriminator_Loss-train: 0.108047403433, Generator_Loss_val-val: 0.590798043861
2024-08-11 19:02:01,234, 79, lr_G: 0.000003, lr_D: 0.000003, Generator_Loss-train: 0.583516793519, Discriminator_Loss-train: 0.107979499665, Generator_Loss_val-val: 0.590878264130
2024-08-11 19:03:50,415, 80, lr_G: 0.000003, lr_D: 0.000003, Generator_Loss-train: 0.583501292253, Discriminator_Loss-train: 0.107906913265, Generator_Loss_val-val: 0.590957721462
2024-08-11 19:05:41,049, 81, lr_G: 0.000003, lr_D: 0.000003, Generator_Loss-train: 0.583485802654, Discriminator_Loss-train: 0.107837669959, Generator_Loss_val-val: 0.590986300812
2024-08-11 19:07:33,552, 82, lr_G: 0.000003, lr_D: 0.000003, Generator_Loss-train: 0.583469401361, Discriminator_Loss-train: 0.107767011405, Generator_Loss_val-val: 0.591025368197
2024-08-11 19:09:20,984, 83, lr_G: 0.000003, lr_D: 0.000003, Generator_Loss-train: 0.583455098971, Discriminator_Loss-train: 0.107694293044, Generator_Loss_val-val: 0.591091787218
2024-08-11 19:11:11,467, 84, lr_G: 0.000003, lr_D: 0.000003, Generator_Loss-train: 0.583443081948, Discriminator_Loss-train: 0.107628933433, Generator_Loss_val-val: 0.591149494096
2024-08-11 19:13:01,778, 85, lr_G: 0.000003, lr_D: 0.000003, Generator_Loss-train: 0.583421944205, Discriminator_Loss-train: 0.107567571186, Generator_Loss_val-val: 0.591217161715
2024-08-11 19:14:48,972, 86, lr_G: 0.000003, lr_D: 0.000003, Generator_Loss-train: 0.583401613569, Discriminator_Loss-train: 0.107510144707, Generator_Loss_val-val: 0.591292514747
2024-08-11 19:16:37,807, 87, lr_G: 0.000003, lr_D: 0.000003, Generator_Loss-train: 0.583380508683, Discriminator_Loss-train: 0.107449606743, Generator_Loss_val-val: 0.591363596848
2024-08-11 19:18:29,799, 88, lr_G: 0.000003, lr_D: 0.000003, Generator_Loss-train: 0.583370107299, Discriminator_Loss-train: 0.107389354265, Generator_Loss_val-val: 0.591429620431
2024-08-11 19:20:20,751, 89, lr_G: 0.000003, lr_D: 0.000003, Generator_Loss-train: 0.583355845705, Discriminator_Loss-train: 0.107330913830, Generator_Loss_val-val: 0.591496792130
2024-08-11 19:22:10,473, 90, lr_G: 0.000003, lr_D: 0.000003, Generator_Loss-train: 0.583340490774, Discriminator_Loss-train: 0.107271840459, Generator_Loss_val-val: 0.591514289793
2024-08-11 19:23:56,345, 91, lr_G: 0.000001, lr_D: 0.000001, Generator_Loss-train: 0.583319723302, Discriminator_Loss-train: 0.107215780415, Generator_Loss_val-val: 0.591546101189
2024-08-11 19:25:42,227, 92, lr_G: 0.000001, lr_D: 0.000001, Generator_Loss-train: 0.583305214731, Discriminator_Loss-train: 0.107157611256, Generator_Loss_val-val: 0.591582276130
2024-08-11 19:27:30,124, 93, lr_G: 0.000001, lr_D: 0.000001, Generator_Loss-train: 0.583290542099, Discriminator_Loss-train: 0.107099972086, Generator_Loss_val-val: 0.591659396787
2024-08-11 19:29:20,089, 94, lr_G: 0.000001, lr_D: 0.000001, Generator_Loss-train: 0.583274858096, Discriminator_Loss-train: 0.107044472743, Generator_Loss_val-val: 0.591728478987
2024-08-11 19:31:04,306, 95, lr_G: 0.000001, lr_D: 0.000001, Generator_Loss-train: 0.583257818843, Discriminator_Loss-train: 0.106992950826, Generator_Loss_val-val: 0.591756749251
2024-08-11 19:32:55,476, 96, lr_G: 0.000001, lr_D: 0.000001, Generator_Loss-train: 0.583246086796, Discriminator_Loss-train: 0.106937394373, Generator_Loss_val-val: 0.591828014430
2024-08-11 19:34:47,271, 97, lr_G: 0.000001, lr_D: 0.000001, Generator_Loss-train: 0.583233228900, Discriminator_Loss-train: 0.106885403735, Generator_Loss_val-val: 0.591881896724
2024-08-11 19:36:40,842, 98, lr_G: 0.000001, lr_D: 0.000001, Generator_Loss-train: 0.583224651980, Discriminator_Loss-train: 0.106835226739, Generator_Loss_val-val: 0.591934766012
2024-08-11 19:38:27,619, 99, lr_G: 0.000001, lr_D: 0.000001, Generator_Loss-train: 0.583208971231, Discriminator_Loss-train: 0.106785883334, Generator_Loss_val-val: 0.591942322563
2024-08-11 19:40:16,903, 100, lr_G: 0.000001, lr_D: 0.000001, Generator_Loss-train: 0.583193810937, Discriminator_Loss-train: 0.106738037456, Generator_Loss_val-val: 0.591976132132
